<?xml version="1.0" encoding="UTF-8"?>
<!-- Generated by org.testng.reporters.JUnitXMLReporter -->
<testsuite ignored="0" hostname="DESKTOP-VL5GMH9" failures="0" tests="3" name="Surefire test" time="34.947" errors="0" timestamp="2024-09-08T11:05:24 IST">
  <testcase classname="TestCases.LoginTests" name="placeOrder" time="6.843"/>
  <testcase classname="TestCases.LoginTests" name="placeOrderDataProvider" time="6.254"/>
  <testcase classname="TestCases.LoginTests" name="placeOrderDataProvider" time="6.424"/>
</testsuite> <!-- Surefire test -->
