<?xml version="1.0" encoding="UTF-8"?>
<!-- Generated by org.testng.reporters.JUnitXMLReporter -->
<testsuite ignored="1" hostname="DESKTOP-VL5GMH9" failures="0" tests="1" name="Default test" time="11.951" errors="0" timestamp="2024-09-08T11:10:24 IST">
  <testcase classname="TestCases.LoginTests" name="placeOrder" time="6.329"/>
  <testcase classname="TestCases.LoginTests" name="placeOrderDataProvider" time="0.0">
    <ignored/>
  </testcase> <!-- placeOrderDataProvider -->
</testsuite> <!-- Default test -->
