<?xml version="1.0" encoding="UTF-8"?>
<!-- Generated by org.testng.reporters.JUnitXMLReporter -->
<testsuite ignored="2" hostname="DESKTOP-VL5GMH9" failures="0" tests="2" name="Default test" time="25.463" errors="0" timestamp="2024-09-08T12:59:07 IST">
  <testcase classname="TestCases.LoginTests" name="placeOrderDataProvider" time="6.536"/>
  <testcase classname="TestCases.LoginTests" name="placeOrderDataProvider" time="6.404"/>
  <testcase classname="TestCases.LoginTests" name="placeOrder" time="0.0">
    <ignored/>
  </testcase> <!-- placeOrder -->
  <testcase classname="TestCases.LoginTests" name="placeOrderFailure" time="0.0">
    <ignored/>
  </testcase> <!-- placeOrderFailure -->
</testsuite> <!-- Default test -->
