<?xml version="1.0" encoding="UTF-8"?>
<!-- Generated by org.testng.reporters.JUnitXMLReporter -->
<testsuite ignored="1" hostname="DESKTOP-VL5GMH9" failures="0" tests="3" name="Test" time="45.217" errors="0" timestamp="2024-09-08T11:27:20 IST">
  <testcase classname="TestCases.LoginTests" name="placeOrder" time="6.416"/>
  <testcase classname="TestCases.LoginTests" name="placeOrderFailure" time="6.29">
    <skipped/>
  </testcase> <!-- placeOrderFailure -->
  <testcase classname="TestCases.LoginTests" name="placeOrderFailure" time="6.3">
    <skipped/>
  </testcase> <!-- placeOrderFailure -->
  <testcase classname="TestCases.LoginTests" name="placeOrderDataProvider" time="0.0">
    <ignored/>
  </testcase> <!-- placeOrderDataProvider -->
</testsuite> <!-- Test -->
