<?xml version="1.0" encoding="UTF-8"?>
<!-- Generated by org.testng.reporters.JUnitXMLReporter -->
<testsuite ignored="2" hostname="DESKTOP-VL5GMH9" failures="0" tests="1" name="Test" time="0.076" errors="0" timestamp="2024-09-08T15:39:09 IST">
  <testcase classname="TestComponents.Base" name="@BeforeMethod launchApplication" time="0.007">
    <failure type="java.lang.NullPointerException" message="Cannot invoke &amp;quot;org.openqa.selenium.WebDriver.manage()&amp;quot; because &amp;quot;this.driver&amp;quot; is null">
      <![CDATA[java.lang.NullPointerException: Cannot invoke "org.openqa.selenium.WebDriver.manage()" because "this.driver" is null
at TestComponents.Base.initialize(Base.java:52)
at TestComponents.Base.launchApplication(Base.java:84)
at java.base/java.util.ArrayList.forEach(ArrayList.java:1511)
at java.base/java.util.concurrent.FutureTask.run(FutureTask.java:264)
at java.base/java.util.concurrent.ThreadPoolExecutor.runWorker(ThreadPoolExecutor.java:1130)
at java.base/java.util.concurrent.ThreadPoolExecutor$Worker.run(ThreadPoolExecutor.java:630)
at java.base/java.lang.Thread.run(Thread.java:831)
... Removed 21 stack frames]]>
    </failure>
  </testcase> <!-- @BeforeMethod launchApplication -->
  <testcase classname="TestCases.LoginTests" name="placeOrder" time="0.0">
    <skipped/>
  </testcase> <!-- placeOrder -->
  <testcase classname="TestCases.LoginTests" name="placeOrderDataProvider" time="0.0">
    <ignored/>
  </testcase> <!-- placeOrderDataProvider -->
  <testcase classname="TestCases.LoginTests" name="placeOrderFailure" time="0.0">
    <ignored/>
  </testcase> <!-- placeOrderFailure -->
</testsuite> <!-- Test -->
