<?xml version="1.0" encoding="UTF-8"?>
<testng-results ignored="0" total="1" passed="1" failed="0" skipped="0">
  <reporter-output>
  </reporter-output>
  <suite started-at="2024-09-08T15:41:36 IST" name="Suite" finished-at="2024-09-08T15:41:45 IST" duration-ms="9682">
    <groups>
      <group name="Full">
        <method signature="LoginTests.placeOrder()[pri:0, instance:TestCases.LoginTests@2b40ff9c]" name="placeOrder" class="TestCases.LoginTests"/>
      </group> <!-- Full -->
    </groups>
    <test started-at="2024-09-08T15:41:36 IST" name="Test" finished-at="2024-09-08T15:41:45 IST" duration-ms="9682">
      <class name="TestCases.LoginTests">
        <test-method is-config="true" signature="launchApplication()[pri:0, instance:TestCases.LoginTests@2b40ff9c]" started-at="2024-09-08T15:41:36 IST" name="launchApplication" finished-at="2024-09-08T15:41:39 IST" duration-ms="3060" status="PASS">
          <reporter-output>
          </reporter-output>
        </test-method> <!-- launchApplication -->
        <test-method signature="placeOrder()[pri:0, instance:TestCases.LoginTests@2b40ff9c]" started-at="2024-09-08T15:41:39 IST" name="placeOrder" finished-at="2024-09-08T15:41:45 IST" duration-ms="6363" status="PASS">
          <reporter-output>
          </reporter-output>
        </test-method> <!-- placeOrder -->
        <test-method is-config="true" signature="teardown()[pri:0, instance:TestCases.LoginTests@2b40ff9c]" started-at="2024-09-08T15:41:45 IST" name="teardown" finished-at="2024-09-08T15:41:45 IST" duration-ms="209" status="PASS">
          <reporter-output>
          </reporter-output>
        </test-method> <!-- teardown -->
      </class> <!-- TestCases.LoginTests -->
    </test> <!-- Test -->
  </suite> <!-- Suite -->
</testng-results>
