<?xml version="1.0" encoding="UTF-8"?>
<testsuite xmlns:xsi="http://www.w3.org/2001/XMLSchema-instance" xsi:noNamespaceSchemaLocation="https://maven.apache.org/surefire/maven-surefire-plugin/xsd/surefire-test-report-3.0.xsd" version="3.0" name="TestCases.LoginTests" time="35.366" tests="3" errors="0" skipped="0" failures="0">
  <properties>
[...]
</properties>
  <testcase name="placeOrder" classname="TestCases.LoginTests" time="6.844">
    <system-out><![CDATA[-----> Running test cases on environment: ----->int
]]></system-out>
    <system-err><![CDATA[SLF4J: Failed to load class "org.slf4j.impl.StaticLoggerBinder".
SLF4J: Defaulting to no-operation (NOP) logger implementation
SLF4J: See http://www.slf4j.org/codes.html#StaticLoggerBinder for further details.
]]></system-err>
  </testcase>
  <testcase name="placeOrderDataProvider[{product=ZARA COAT 3}](1)" classname="TestCases.LoginTests" time="6.256">
    <system-out><![CDATA[-----> Running test cases on environment: ----->int
]]></system-out>
  </testcase>
  <testcase name="placeOrderDataProvider[{product=ADIDAS ORIGINAL}](2)" classname="TestCases.LoginTests" time="6.424">
    <system-out><![CDATA[-----> Running test cases on environment: ----->int
]]></system-out>
  </testcase>
</testsuite>