<?xml version="1.0" encoding="UTF-8"?>
<testng-results ignored="0" total="3" passed="3" failed="0" skipped="0">
  <reporter-output>
  </reporter-output>
  <suite started-at="2024-09-08T11:04:49 IST" name="Surefire suite" finished-at="2024-09-08T11:05:24 IST" duration-ms="34947">
    <groups>
      <group name="Regression">
        <method signature="LoginTests.placeOrderDataProvider(java.util.HashMap)[pri:0, instance:TestCases.LoginTests@71b1176b]" name="placeOrderDataProvider" class="TestCases.LoginTests"/>
      </group> <!-- Regression -->
      <group name="Full">
        <method signature="LoginTests.placeOrder()[pri:0, instance:TestCases.LoginTests@71b1176b]" name="placeOrder" class="TestCases.LoginTests"/>
      </group> <!-- Full -->
    </groups>
    <test started-at="2024-09-08T11:04:49 IST" name="Surefire test" finished-at="2024-09-08T11:05:24 IST" duration-ms="34947">
      <class name="TestCases.LoginTests">
        <test-method is-config="true" signature="launchApplication()[pri:0, instance:TestCases.LoginTests@71b1176b]" started-at="2024-09-08T11:04:49 IST" name="launchApplication" finished-at="2024-09-08T11:04:54 IST" duration-ms="5072" status="PASS">
          <reporter-output>
          </reporter-output>
        </test-method> <!-- launchApplication -->
        <test-method signature="placeOrder()[pri:0, instance:TestCases.LoginTests@71b1176b]" started-at="2024-09-08T11:04:54 IST" name="placeOrder" finished-at="2024-09-08T11:05:01 IST" duration-ms="6843" status="PASS">
          <reporter-output>
          </reporter-output>
        </test-method> <!-- placeOrder -->
        <test-method is-config="true" signature="teardown()[pri:0, instance:TestCases.LoginTests@71b1176b]" started-at="2024-09-08T11:05:01 IST" name="teardown" finished-at="2024-09-08T11:05:02 IST" duration-ms="789" status="PASS">
          <reporter-output>
          </reporter-output>
        </test-method> <!-- teardown -->
        <test-method is-config="true" signature="launchApplication()[pri:0, instance:TestCases.LoginTests@71b1176b]" started-at="2024-09-08T11:05:02 IST" name="launchApplication" finished-at="2024-09-08T11:05:06 IST" duration-ms="3755" status="PASS">
          <reporter-output>
          </reporter-output>
        </test-method> <!-- launchApplication -->
        <test-method signature="placeOrderDataProvider(java.util.HashMap)[pri:0, instance:TestCases.LoginTests@71b1176b]" started-at="2024-09-08T11:05:06 IST" name="placeOrderDataProvider" data-provider="getData" finished-at="2024-09-08T11:05:12 IST" duration-ms="6254" status="PASS">
          <params>
            <param index="0">
              <value>
                <![CDATA[{product=ZARA COAT 3}]]>
              </value>
            </param>
          </params>
          <reporter-output>
          </reporter-output>
        </test-method> <!-- placeOrderDataProvider -->
        <test-method is-config="true" signature="teardown()[pri:0, instance:TestCases.LoginTests@71b1176b]" started-at="2024-09-08T11:05:12 IST" name="teardown" finished-at="2024-09-08T11:05:13 IST" duration-ms="838" status="PASS">
          <reporter-output>
          </reporter-output>
        </test-method> <!-- teardown -->
        <test-method is-config="true" signature="launchApplication()[pri:0, instance:TestCases.LoginTests@71b1176b]" started-at="2024-09-08T11:05:13 IST" name="launchApplication" finished-at="2024-09-08T11:05:16 IST" duration-ms="3773" status="PASS">
          <reporter-output>
          </reporter-output>
        </test-method> <!-- launchApplication -->
        <test-method signature="placeOrderDataProvider(java.util.HashMap)[pri:0, instance:TestCases.LoginTests@71b1176b]" started-at="2024-09-08T11:05:16 IST" name="placeOrderDataProvider" data-provider="getData" finished-at="2024-09-08T11:05:23 IST" duration-ms="6424" status="PASS">
          <params>
            <param index="0">
              <value>
                <![CDATA[{product=ADIDAS ORIGINAL}]]>
              </value>
            </param>
          </params>
          <reporter-output>
          </reporter-output>
        </test-method> <!-- placeOrderDataProvider -->
        <test-method is-config="true" signature="teardown()[pri:0, instance:TestCases.LoginTests@71b1176b]" started-at="2024-09-08T11:05:23 IST" name="teardown" finished-at="2024-09-08T11:05:24 IST" duration-ms="918" status="PASS">
          <reporter-output>
          </reporter-output>
        </test-method> <!-- teardown -->
      </class> <!-- TestCases.LoginTests -->
    </test> <!-- Surefire test -->
  </suite> <!-- Surefire suite -->
</testng-results>
